CRITICAL - 2021-04-12 05:06:11 --> Invalid argument supplied for foreach()
#0 C:\xampp\htdocs\ci4\app\Views\welcome_message.php(7): CodeIgniter\Debug\Exceptions->errorHandler(2, 'Invalid argumen...', 'C:\\xampp\\htdocs...', 7, Array)
#1 C:\xampp\htdocs\ci4\vendor\codeigniter4\framework\system\View\View.php(220): include('C:\\xampp\\htdocs...')
#2 C:\xampp\htdocs\ci4\vendor\codeigniter4\framework\system\View\View.php(222): CodeIgniter\View\View->CodeIgniter\View\{closure}()
#3 C:\xampp\htdocs\ci4\vendor\codeigniter4\framework\system\Common.php(1217): CodeIgniter\View\View->render('welcome_message', Array, true)
#4 C:\xampp\htdocs\ci4\app\Controllers\Home.php(7): view('welcome_message')
#5 C:\xampp\htdocs\ci4\vendor\codeigniter4\framework\system\CodeIgniter.php(936): App\Controllers\Home->index()
#6 C:\xampp\htdocs\ci4\vendor\codeigniter4\framework\system\CodeIgniter.php(432): CodeIgniter\CodeIgniter->runController(Object(App\Controllers\Home))
#7 C:\xampp\htdocs\ci4\vendor\codeigniter4\framework\system\CodeIgniter.php(333): CodeIgniter\CodeIgniter->handleRequest(NULL, Object(Config\Cache), false)
#8 C:\xampp\htdocs\ci4\index.php(45): CodeIgniter\CodeIgniter->run()
#9 {main}
CRITICAL - 2021-04-12 05:24:20 --> Call to a member function getValue() on null
#0 C:\xampp\htdocs\ci4\vendor\codeigniter4\framework\system\CodeIgniter.php(936): App\Controllers\User->userDetails()
#1 C:\xampp\htdocs\ci4\vendor\codeigniter4\framework\system\CodeIgniter.php(432): CodeIgniter\CodeIgniter->runController(Object(App\Controllers\User))
#2 C:\xampp\htdocs\ci4\vendor\codeigniter4\framework\system\CodeIgniter.php(333): CodeIgniter\CodeIgniter->handleRequest(NULL, Object(Config\Cache), false)
#3 C:\xampp\htdocs\ci4\index.php(45): CodeIgniter\CodeIgniter->run()
#4 {main}
CRITICAL - 2021-04-12 05:27:25 --> Cannot use object of type stdClass as array
#0 C:\xampp\htdocs\ci4\vendor\codeigniter4\framework\system\CodeIgniter.php(936): App\Controllers\User->userDetails()
#1 C:\xampp\htdocs\ci4\vendor\codeigniter4\framework\system\CodeIgniter.php(432): CodeIgniter\CodeIgniter->runController(Object(App\Controllers\User))
#2 C:\xampp\htdocs\ci4\vendor\codeigniter4\framework\system\CodeIgniter.php(333): CodeIgniter\CodeIgniter->handleRequest(NULL, Object(Config\Cache), false)
#3 C:\xampp\htdocs\ci4\index.php(45): CodeIgniter\CodeIgniter->run()
#4 {main}
